{"timestamp": "2026-02-11T19:29:39.579730", "level": "INFO", "logger": "src.core.profile.cache", "message": "Invalidated profile cache for student student1", "taskName": "None"}
{"timestamp": "2026-02-11T19:29:39.599299", "level": "WARNING", "logger": "src.core.prompt.builder", "message": "Bootstrap file not found: C:\\Users\\shiyu\\AppData\\Local\\Temp\\pytest-of-shiyu\\pytest-0\\test_bootstrap_files_loaded0\\bootstrap\\TA_PERSONA.md", "taskName": "None"}
{"timestamp": "2026-02-11T19:29:39.599580", "level": "WARNING", "logger": "src.core.prompt.builder", "message": "Bootstrap file not found: C:\\Users\\shiyu\\AppData\\Local\\Temp\\pytest-of-shiyu\\pytest-0\\test_bootstrap_files_loaded0\\bootstrap\\TOOLS.md", "taskName": "None"}
{"timestamp": "2026-02-11T19:29:39.600554", "level": "WARNING", "logger": "src.core.prompt.builder", "message": "Bootstrap file not found: C:\\Users\\shiyu\\AppData\\Local\\Temp\\pytest-of-shiyu\\pytest-0\\test_bootstrap_files_loaded0\\bootstrap\\REVIEW_SCHEDULE.md", "taskName": "None"}
{"timestamp": "2026-02-11T19:29:39.604476", "level": "WARNING", "logger": "src.core.prompt.builder", "message": "Bootstrap file not found: C:\\Users\\shiyu\\AppData\\Local\\Temp\\pytest-of-shiyu\\pytest-0\\test_bootstrap_truncation_pres0\\bootstrap\\TEACHING_PROTOCOL.md", "taskName": "None"}
{"timestamp": "2026-02-11T19:29:39.604650", "level": "WARNING", "logger": "src.core.prompt.builder", "message": "Bootstrap file not found: C:\\Users\\shiyu\\AppData\\Local\\Temp\\pytest-of-shiyu\\pytest-0\\test_bootstrap_truncation_pres0\\bootstrap\\TA_PERSONA.md", "taskName": "None"}
{"timestamp": "2026-02-11T19:29:39.604783", "level": "WARNING", "logger": "src.core.prompt.builder", "message": "Bootstrap file not found: C:\\Users\\shiyu\\AppData\\Local\\Temp\\pytest-of-shiyu\\pytest-0\\test_bootstrap_truncation_pres0\\bootstrap\\TOOLS.md", "taskName": "None"}
{"timestamp": "2026-02-11T19:29:39.604908", "level": "WARNING", "logger": "src.core.prompt.builder", "message": "Bootstrap file not found: C:\\Users\\shiyu\\AppData\\Local\\Temp\\pytest-of-shiyu\\pytest-0\\test_bootstrap_truncation_pres0\\bootstrap\\REVIEW_SCHEDULE.md", "taskName": "None"}
{"timestamp": "2026-02-11T19:29:39.619688", "level": "WARNING", "logger": "src.core.prompt.builder", "message": "Bootstrap file not found: C:\\Users\\shiyu\\AppData\\Local\\Temp\\pytest-of-shiyu\\pytest-0\\test_missing_bootstrap_file_do0\\bootstrap\\TEACHING_PROTOCOL.md", "taskName": "None"}
{"timestamp": "2026-02-11T19:29:39.619886", "level": "WARNING", "logger": "src.core.prompt.builder", "message": "Bootstrap file not found: C:\\Users\\shiyu\\AppData\\Local\\Temp\\pytest-of-shiyu\\pytest-0\\test_missing_bootstrap_file_do0\\bootstrap\\TA_PERSONA.md", "taskName": "None"}
{"timestamp": "2026-02-11T19:29:39.620020", "level": "WARNING", "logger": "src.core.prompt.builder", "message": "Bootstrap file not found: C:\\Users\\shiyu\\AppData\\Local\\Temp\\pytest-of-shiyu\\pytest-0\\test_missing_bootstrap_file_do0\\bootstrap\\TOOLS.md", "taskName": "None"}
{"timestamp": "2026-02-11T19:29:39.620148", "level": "WARNING", "logger": "src.core.prompt.builder", "message": "Bootstrap file not found: C:\\Users\\shiyu\\AppData\\Local\\Temp\\pytest-of-shiyu\\pytest-0\\test_missing_bootstrap_file_do0\\bootstrap\\REVIEW_SCHEDULE.md", "taskName": "None"}
{"timestamp": "2026-02-11T19:29:39.671684", "level": "INFO", "logger": "src.memory.store", "message": "Crash recovery check completed", "taskName": "None"}
{"timestamp": "2026-02-11T19:29:39.787738", "level": "INFO", "logger": "src.memory.store", "message": "Crash recovery check completed", "taskName": "None"}
{"timestamp": "2026-02-11T19:29:39.813417", "level": "INFO", "logger": "src.memory.store", "message": "Crash recovery check completed", "taskName": "None"}
{"timestamp": "2026-02-11T19:29:39.941522", "level": "INFO", "logger": "src.memory.store", "message": "Crash recovery check completed", "taskName": "None"}
{"timestamp": "2026-02-11T19:29:39.986679", "level": "INFO", "logger": "src.memory.store", "message": "Crash recovery check completed", "taskName": "None"}
{"timestamp": "2026-02-11T19:29:40.011544", "level": "INFO", "logger": "src.memory.store", "message": "Crash recovery check completed", "taskName": "None"}
{"timestamp": "2026-02-11T19:29:40.012997", "level": "WARNING", "logger": "src.memory.worker", "message": "Circuit breaker OPEN after 3 failures", "taskName": "None"}
{"timestamp": "2026-02-11T19:29:40.013916", "level": "WARNING", "logger": "src.memory.worker", "message": "Circuit breaker OPEN after 3 failures", "taskName": "None"}
{"timestamp": "2026-02-11T19:29:41.124129", "level": "INFO", "logger": "src.memory.store", "message": "Crash recovery check completed", "taskName": "None"}
{"timestamp": "2026-02-11T19:29:41.126960", "level": "INFO", "logger": "src.memory.store", "message": "Crash recovery check completed", "taskName": "None"}
{"timestamp": "2026-02-11T19:29:41.135708", "level": "INFO", "logger": "src.safety.consent", "message": "Consent granted for student test_student", "student_id": "ad57b54e2697be6a", "action": "consent_granted", "taskName": "None"}
{"timestamp": "2026-02-11T19:29:41.144542", "level": "INFO", "logger": "src.safety.consent", "message": "Consent granted for student test_student", "student_id": "ad57b54e2697be6a", "action": "consent_granted", "taskName": "None"}
{"timestamp": "2026-02-11T19:29:41.153012", "level": "INFO", "logger": "src.safety.consent", "message": "Consent granted for student test_student", "student_id": "ad57b54e2697be6a", "action": "consent_granted", "taskName": "None"}
{"timestamp": "2026-02-11T19:29:41.157241", "level": "INFO", "logger": "src.memory.store", "message": "Crash recovery check completed", "taskName": "None"}
{"timestamp": "2026-02-11T19:29:41.165286", "level": "INFO", "logger": "src.safety.consent", "message": "Consent granted for student test_student2", "student_id": "7ab048ad850d3398", "action": "consent_granted", "taskName": "None"}
{"timestamp": "2026-02-11T19:29:41.173609", "level": "INFO", "logger": "src.safety.consent", "message": "Consent granted for student test_student2", "student_id": "7ab048ad850d3398", "action": "consent_granted", "taskName": "None"}
{"timestamp": "2026-02-11T19:29:41.177705", "level": "INFO", "logger": "src.memory.store", "message": "Crash recovery check completed", "taskName": "None"}
{"timestamp": "2026-02-11T19:29:41.180521", "level": "INFO", "logger": "src.memory.store", "message": "Crash recovery check completed", "taskName": "None"}
{"timestamp": "2026-02-11T19:29:41.188030", "level": "INFO", "logger": "src.safety.consent", "message": "Consent granted for student test_student4", "student_id": "e2c9a15566fda116", "action": "consent_granted", "taskName": "None"}
{"timestamp": "2026-02-11T19:29:41.196945", "level": "INFO", "logger": "src.safety.consent", "message": "Consent granted for student test_student4", "student_id": "e2c9a15566fda116", "action": "consent_granted", "taskName": "None"}
{"timestamp": "2026-02-11T19:29:41.203420", "level": "INFO", "logger": "src.memory.store", "message": "Crash recovery check completed", "taskName": "None"}
